<?xml version="1.0" encoding="UTF-8"?>
<!-- Generated by org.testng.reporters.JUnitReportReporter -->
<testsuite hostname="CCILT347" name="adobe.adobeTesting.AdhocTest" tests="1" failures="0" timestamp="29 Mar 2016 06:55:34 GMT" time="9.756" errors="0">
  <testcase name="verifyRecords" time="9.756" classname="adobe.adobeTesting.AdhocTest"/>
</testsuite> <!-- adobe.adobeTesting.AdhocTest -->
