<?xml version="1.0" encoding="UTF-8"?>
<!-- Generated by org.testng.reporters.JUnitReportReporter -->
<testsuite hostname="CCILT347" name="adobe.adobeTesting.ReportBuilderTest" tests="1" failures="0" timestamp="22 Mar 2016 04:41:13 GMT" time="42.313" errors="0">
  <testcase name="verifyRecords" time="42.313" classname="adobe.adobeTesting.ReportBuilderTest"/>
</testsuite> <!-- adobe.adobeTesting.ReportBuilderTest -->
