<?xml version="1.0" encoding="UTF-8"?>
<!-- Generated by org.testng.reporters.JUnitReportReporter -->
<testsuite hostname="CCILT347" name="adobe.adobeTesting.AdhocTest" tests="1" failures="0" timestamp="23 Mar 2016 11:36:38 GMT" time="15.932" errors="0">
  <testcase name="verifyRecords" time="15.932" classname="adobe.adobeTesting.AdhocTest"/>
</testsuite> <!-- adobe.adobeTesting.AdhocTest -->
